# JRE version: Java(TM) SE Runtime Environment (17.0.8+9) (build 17.0.8+9-LTS-211)
# Java VM: Java HotSpot(TM) 64-Bit Server VM (17.0.8+9-LTS-211, mixed mode, sharing, tiered, compressed oops, compressed class ptrs, g1 gc, windows-amd64)
GC Precious Log:
 CPUs: 8 total, 8 available
 Memory: 8042M
 Large Page Support: Disabled
 NUMA Support: Disabled
 Compressed Oops: Enabled (32-bit)
 Heap Region Size: 1M
 Heap Min Capacity: 8M
 Heap Initial Capacity: 126M
 Heap Max Capacity: 2012M
 Pre-touch: Disabled
 Parallel Workers: 8
 Concurrent Workers: 2
 Concurrent Refinement Workers: 8
 Periodic GC: Disabled
Heap:
 garbage-first heap   total 65536K, used 31289K [0x0000000082400000, 0x0000000100000000)
  region size 1024K, 17 young (17408K), 1 survivors (1024K)
 Metaspace       used 27660K, committed 27968K, reserved 1114112K
  class space    used 3623K, committed 3776K, reserved 1048576K
GC Heap History (12 events):
Event: 2.796 GC heap before
{Heap before GC invocations=0 (full 0):
 garbage-first heap   total 129024K, used 23552K [0x0000000082400000, 0x0000000100000000)
  region size 1024K, 23 young (23552K), 0 survivors (0K)
 Metaspace       used 7406K, committed 7552K, reserved 1114112K
  class space    used 834K, committed 896K, reserved 1048576K
}
Event: 2.811 GC heap after
{Heap after GC invocations=1 (full 0):
 garbage-first heap   total 129024K, used 8560K [0x0000000082400000, 0x0000000100000000)
  region size 1024K, 3 young (3072K), 3 survivors (3072K)
 Metaspace       used 7406K, committed 7552K, reserved 1114112K
  class space    used 834K, committed 896K, reserved 1048576K
}
Event: 3.634 GC heap before
{Heap before GC invocations=1 (full 0):
 garbage-first heap   total 129024K, used 29040K [0x0000000082400000, 0x0000000100000000)
  region size 1024K, 23 young (23552K), 3 survivors (3072K)
 Metaspace       used 10838K, committed 11136K, reserved 1114112K
  class space    used 1296K, committed 1472K, reserved 1048576K
}
Event: 3.638 GC heap after
{Heap after GC invocations=2 (full 0):
 garbage-first heap   total 129024K, used 10055K [0x0000000082400000, 0x0000000100000000)
  region size 1024K, 2 young (2048K), 2 survivors (2048K)
 Metaspace       used 10838K, committed 11136K, reserved 1114112K
  class space    used 1296K, committed 1472K, reserved 1048576K
}
Event: 4.964 GC heap before
{Heap before GC invocations=2 (full 0):
 garbage-first heap   total 129024K, used 60231K [0x0000000082400000, 0x0000000100000000)
  region size 1024K, 52 young (53248K), 2 survivors (2048K)
 Metaspace       used 21217K, committed 21504K, reserved 1114112K
  class space    used 2705K, committed 2816K, reserved 1048576K
}
Event: 4.971 GC heap after
{Heap after GC invocations=3 (full 0):
 garbage-first heap   total 129024K, used 12905K [0x0000000082400000, 0x0000000100000000)
  region size 1024K, 5 young (5120K), 5 survivors (5120K)
 Metaspace       used 21217K, committed 21504K, reserved 1114112K
  class space    used 2705K, committed 2816K, reserved 1048576K
}
Event: 4.998 GC heap before
{Heap before GC invocations=3 (full 0):
 garbage-first heap   total 129024K, used 12905K [0x0000000082400000, 0x0000000100000000)
  region size 1024K, 7 young (7168K), 5 survivors (5120K)
 Metaspace       used 21288K, committed 21504K, reserved 1114112K
  class space    used 2710K, committed 2816K, reserved 1048576K
}
Event: 5.003 GC heap after
{Heap after GC invocations=4 (full 0):
 garbage-first heap   total 129024K, used 13198K [0x0000000082400000, 0x0000000100000000)
  region size 1024K, 5 young (5120K), 5 survivors (5120K)
 Metaspace       used 21288K, committed 21504K, reserved 1114112K
  class space    used 2710K, committed 2816K, reserved 1048576K
}
Event: 6.881 GC heap before
{Heap before GC invocations=5 (full 0):
 garbage-first heap   total 65536K, used 51086K [0x0000000082400000, 0x0000000100000000)
  region size 1024K, 43 young (44032K), 5 survivors (5120K)
 Metaspace       used 25247K, committed 25472K, reserved 1114112K
  class space    used 3176K, committed 3264K, reserved 1048576K
}
Event: 6.888 GC heap after
{Heap after GC invocations=6 (full 0):
 garbage-first heap   total 65536K, used 15277K [0x0000000082400000, 0x0000000100000000)
  region size 1024K, 7 young (7168K), 7 survivors (7168K)
 Metaspace       used 25247K, committed 25472K, reserved 1114112K
  class space    used 3176K, committed 3264K, reserved 1048576K
}
Event: 6.928 GC heap before
{Heap before GC invocations=6 (full 0):
 garbage-first heap   total 65536K, used 16301K [0x0000000082400000, 0x0000000100000000)
  region size 1024K, 8 young (8192K), 7 survivors (7168K)
 Metaspace       used 25451K, committed 25856K, reserved 1114112K
  class space    used 3207K, committed 3392K, reserved 1048576K
}
Event: 6.934 GC heap after
{Heap after GC invocations=7 (full 0):
 garbage-first heap   total 65536K, used 15929K [0x0000000082400000, 0x0000000100000000)
  region size 1024K, 1 young (1024K), 1 survivors (1024K)
 Metaspace       used 25451K, committed 25856K, reserved 1114112K
  class space    used 3207K, committed 3392K, reserved 1048576K
}

