# JRE version: Java(TM) SE Runtime Environment (17.0.8+9) (build 17.0.8+9-LTS-211)
# Java VM: Java HotSpot(TM) 64-Bit Server VM (17.0.8+9-LTS-211, mixed mode, sharing, tiered, compressed oops, compressed class ptrs, g1 gc, windows-amd64)
GC Precious Log:
 CPUs: 8 total, 8 available
 Memory: 8042M
 Large Page Support: Disabled
 NUMA Support: Disabled
 Compressed Oops: Enabled (32-bit)
 Heap Region Size: 1M
 Heap Min Capacity: 8M
 Heap Initial Capacity: 126M
 Heap Max Capacity: 2012M
 Pre-touch: Disabled
 Parallel Workers: 8
 Concurrent Workers: 2
 Concurrent Refinement Workers: 8
 Periodic GC: Disabled
Heap:
 garbage-first heap   total 55296K, used 39963K [0x0000000082400000, 0x0000000100000000)
  region size 1024K, 18 young (18432K), 3 survivors (3072K)
 Metaspace       used 60042K, committed 60608K, reserved 1114112K
  class space    used 8365K, committed 8640K, reserved 1048576K
GC Heap History (20 events):
Event: 7.897 GC heap before
{Heap before GC invocations=8 (full 0):
 garbage-first heap   total 55296K, used 39988K [0x0000000082400000, 0x0000000100000000)
  region size 1024K, 26 young (26624K), 2 survivors (2048K)
 Metaspace       used 30448K, committed 30848K, reserved 1114112K
  class space    used 4027K, committed 4224K, reserved 1048576K
}
Event: 7.901 GC heap after
{Heap after GC invocations=9 (full 0):
 garbage-first heap   total 55296K, used 17471K [0x0000000082400000, 0x0000000100000000)
  region size 1024K, 4 young (4096K), 4 survivors (4096K)
 Metaspace       used 30448K, committed 30848K, reserved 1114112K
  class space    used 4027K, committed 4224K, reserved 1048576K
}
Event: 9.352 GC heap before
{Heap before GC invocations=9 (full 0):
 garbage-first heap   total 55296K, used 39999K [0x0000000082400000, 0x0000000100000000)
  region size 1024K, 26 young (26624K), 4 survivors (4096K)
 Metaspace       used 33641K, committed 34112K, reserved 1114112K
  class space    used 4426K, committed 4672K, reserved 1048576K
}
Event: 9.359 GC heap after
{Heap after GC invocations=10 (full 0):
 garbage-first heap   total 55296K, used 19796K [0x0000000082400000, 0x0000000100000000)
  region size 1024K, 3 young (3072K), 3 survivors (3072K)
 Metaspace       used 33641K, committed 34112K, reserved 1114112K
  class space    used 4426K, committed 4672K, reserved 1048576K
}
Event: 10.099 GC heap before
{Heap before GC invocations=10 (full 0):
 garbage-first heap   total 55296K, used 34132K [0x0000000082400000, 0x0000000100000000)
  region size 1024K, 18 young (18432K), 3 survivors (3072K)
 Metaspace       used 35682K, committed 36096K, reserved 1114112K
  class space    used 4691K, committed 4928K, reserved 1048576K
}
Event: 10.104 GC heap after
{Heap after GC invocations=11 (full 0):
 garbage-first heap   total 55296K, used 20718K [0x0000000082400000, 0x0000000100000000)
  region size 1024K, 1 young (1024K), 1 survivors (1024K)
 Metaspace       used 35682K, committed 36096K, reserved 1114112K
  class space    used 4691K, committed 4928K, reserved 1048576K
}
Event: 10.986 GC heap before
{Heap before GC invocations=12 (full 0):
 garbage-first heap   total 55296K, used 42222K [0x0000000082400000, 0x0000000100000000)
  region size 1024K, 22 young (22528K), 1 survivors (1024K)
 Metaspace       used 39534K, committed 40000K, reserved 1114112K
  class space    used 5336K, committed 5568K, reserved 1048576K
}
Event: 10.989 GC heap after
{Heap after GC invocations=13 (full 0):
 garbage-first heap   total 55296K, used 21281K [0x0000000082400000, 0x0000000100000000)
  region size 1024K, 2 young (2048K), 2 survivors (2048K)
 Metaspace       used 39534K, committed 40000K, reserved 1114112K
  class space    used 5336K, committed 5568K, reserved 1048576K
}
Event: 11.034 GC heap before
{Heap before GC invocations=13 (full 0):
 garbage-first heap   total 55296K, used 22305K [0x0000000082400000, 0x0000000100000000)
  region size 1024K, 3 young (3072K), 2 survivors (2048K)
 Metaspace       used 39727K, committed 40192K, reserved 1114112K
  class space    used 5364K, committed 5568K, reserved 1048576K
}
Event: 11.037 GC heap after
{Heap after GC invocations=14 (full 0):
 garbage-first heap   total 55296K, used 21088K [0x0000000082400000, 0x0000000100000000)
  region size 1024K, 1 young (1024K), 1 survivors (1024K)
 Metaspace       used 39727K, committed 40192K, reserved 1114112K
  class space    used 5364K, committed 5568K, reserved 1048576K
}
Event: 12.354 GC heap before
{Heap before GC invocations=14 (full 0):
 garbage-first heap   total 55296K, used 42592K [0x0000000082400000, 0x0000000100000000)
  region size 1024K, 22 young (22528K), 1 survivors (1024K)
 Metaspace       used 44533K, committed 45056K, reserved 1114112K
  class space    used 5978K, committed 6208K, reserved 1048576K
}
Event: 12.357 GC heap after
{Heap after GC invocations=15 (full 0):
 garbage-first heap   total 55296K, used 22195K [0x0000000082400000, 0x0000000100000000)
  region size 1024K, 2 young (2048K), 2 survivors (2048K)
 Metaspace       used 44533K, committed 45056K, reserved 1114112K
  class space    used 5978K, committed 6208K, reserved 1048576K
}
Event: 13.034 GC heap before
{Heap before GC invocations=15 (full 0):
 garbage-first heap   total 55296K, used 42675K [0x0000000082400000, 0x0000000100000000)
  region size 1024K, 22 young (22528K), 2 survivors (2048K)
 Metaspace       used 48310K, committed 48832K, reserved 1114112K
  class space    used 6491K, committed 6720K, reserved 1048576K
}
Event: 13.037 GC heap after
{Heap after GC invocations=16 (full 0):
 garbage-first heap   total 55296K, used 22978K [0x0000000082400000, 0x0000000100000000)
  region size 1024K, 3 young (3072K), 3 survivors (3072K)
 Metaspace       used 48310K, committed 48832K, reserved 1114112K
  class space    used 6491K, committed 6720K, reserved 1048576K
}
Event: 13.806 GC heap before
{Heap before GC invocations=16 (full 0):
 garbage-first heap   total 55296K, used 42434K [0x0000000082400000, 0x0000000100000000)
  region size 1024K, 23 young (23552K), 3 survivors (3072K)
 Metaspace       used 53197K, committed 53760K, reserved 1114112K
  class space    used 7353K, committed 7616K, reserved 1048576K
}
Event: 13.810 GC heap after
{Heap after GC invocations=17 (full 0):
 garbage-first heap   total 55296K, used 23650K [0x0000000082400000, 0x0000000100000000)
  region size 1024K, 2 young (2048K), 2 survivors (2048K)
 Metaspace       used 53197K, committed 53760K, reserved 1114112K
  class space    used 7353K, committed 7616K, reserved 1048576K
}
Event: 15.921 GC heap before
{Heap before GC invocations=17 (full 0):
 garbage-first heap   total 55296K, used 44130K [0x0000000082400000, 0x0000000100000000)
  region size 1024K, 22 young (22528K), 2 survivors (2048K)
 Metaspace       used 57452K, committed 58048K, reserved 1114112K
  class space    used 7998K, committed 8256K, reserved 1048576K
}
Event: 15.924 GC heap after
{Heap after GC invocations=18 (full 0):
 garbage-first heap   total 55296K, used 24351K [0x0000000082400000, 0x0000000100000000)
  region size 1024K, 3 young (3072K), 3 survivors (3072K)
 Metaspace       used 57452K, committed 58048K, reserved 1114112K
  class space    used 7998K, committed 8256K, reserved 1048576K
}
Event: 16.851 GC heap before
{Heap before GC invocations=18 (full 0):
 garbage-first heap   total 55296K, used 37663K [0x0000000082400000, 0x0000000100000000)
  region size 1024K, 17 young (17408K), 3 survivors (3072K)
 Metaspace       used 59784K, committed 60288K, reserved 1114112K
  class space    used 8275K, committed 8512K, reserved 1048576K
}
Event: 16.856 GC heap after
{Heap after GC invocations=19 (full 0):
 garbage-first heap   total 55296K, used 25627K [0x0000000082400000, 0x0000000100000000)
  region size 1024K, 3 young (3072K), 3 survivors (3072K)
 Metaspace       used 59784K, committed 60288K, reserved 1114112K
  class space    used 8275K, committed 8512K, reserved 1048576K
}

