# JRE version: OpenJDK Runtime Environment Temurin-17.0.9+9 (17.0.9+9) (build 17.0.9+9)
# Java VM: OpenJDK 64-Bit Server VM Temurin-17.0.9+9 (17.0.9+9, mixed mode, emulated-client, tiered, compressed oops, compressed class ptrs, g1 gc, windows-amd64)
GC Precious Log:
 CPUs: 8 total, 8 available
 Memory: 8042M
 Large Page Support: Disabled
 NUMA Support: Disabled
 Compressed Oops: Enabled (32-bit)
 Heap Region Size: 1M
 Heap Min Capacity: 8M
 Heap Initial Capacity: 126M
 Heap Max Capacity: 1G
 Pre-touch: Disabled
 Parallel Workers: 8
 Concurrent Workers: 2
 Concurrent Refinement Workers: 8
 Periodic GC: Disabled
Heap:
 garbage-first heap   total 96256K, used 34061K [0x00000000c0000000, 0x0000000100000000)
  region size 1024K, 1 young (1024K), 0 survivors (0K)
 Metaspace       used 59131K, committed 59584K, reserved 1114112K
  class space    used 7370K, committed 7552K, reserved 1048576K
GC Heap History (20 events):
Event: 41098.511 GC heap before
{Heap before GC invocations=2495 (full 1686):
 garbage-first heap   total 96256K, used 73674K [0x00000000c0000000, 0x0000000100000000)
  region size 1024K, 36 young (36864K), 5 survivors (5120K)
 Metaspace       used 59131K, committed 59584K, reserved 1114112K
  class space    used 7370K, committed 7552K, reserved 1048576K
}
Event: 41098.521 GC heap after
{Heap after GC invocations=2496 (full 1686):
 garbage-first heap   total 96256K, used 41145K [0x00000000c0000000, 0x0000000100000000)
  region size 1024K, 4 young (4096K), 4 survivors (4096K)
 Metaspace       used 59131K, committed 59584K, reserved 1114112K
  class space    used 7370K, committed 7552K, reserved 1048576K
}
Event: 41099.561 GC heap before
{Heap before GC invocations=2496 (full 1686):
 garbage-first heap   total 96256K, used 73913K [0x00000000c0000000, 0x0000000100000000)
  region size 1024K, 36 young (36864K), 4 survivors (4096K)
 Metaspace       used 59131K, committed 59584K, reserved 1114112K
  class space    used 7370K, committed 7552K, reserved 1048576K
}
Event: 41099.565 GC heap after
{Heap after GC invocations=2497 (full 1686):
 garbage-first heap   total 96256K, used 40351K [0x00000000c0000000, 0x0000000100000000)
  region size 1024K, 3 young (3072K), 3 survivors (3072K)
 Metaspace       used 59131K, committed 59584K, reserved 1114112K
  class space    used 7370K, committed 7552K, reserved 1048576K
}
Event: 41177.799 GC heap before
{Heap before GC invocations=2497 (full 1686):
 garbage-first heap   total 96256K, used 74143K [0x00000000c0000000, 0x0000000100000000)
  region size 1024K, 36 young (36864K), 3 survivors (3072K)
 Metaspace       used 59151K, committed 59584K, reserved 1114112K
  class space    used 7374K, committed 7552K, reserved 1048576K
}
Event: 41177.801 GC heap after
{Heap after GC invocations=2498 (full 1686):
 garbage-first heap   total 96256K, used 38653K [0x00000000c0000000, 0x0000000100000000)
  region size 1024K, 1 young (1024K), 1 survivors (1024K)
 Metaspace       used 59151K, committed 59584K, reserved 1114112K
  class space    used 7374K, committed 7552K, reserved 1048576K
}
Event: 41234.794 GC heap before
{Heap before GC invocations=2498 (full 1686):
 garbage-first heap   total 96256K, used 44797K [0x00000000c0000000, 0x0000000100000000)
  region size 1024K, 8 young (8192K), 1 survivors (1024K)
 Metaspace       used 59151K, committed 59584K, reserved 1114112K
  class space    used 7374K, committed 7552K, reserved 1048576K
}
Event: 41235.217 GC heap after
{Heap after GC invocations=2499 (full 1687):
 garbage-first heap   total 96256K, used 34222K [0x00000000c0000000, 0x0000000100000000)
  region size 1024K, 0 young (0K), 0 survivors (0K)
 Metaspace       used 59151K, committed 59584K, reserved 1114112K
  class space    used 7374K, committed 7552K, reserved 1048576K
}
Event: 41246.034 GC heap before
{Heap before GC invocations=2499 (full 1687):
 garbage-first heap   total 96256K, used 34222K [0x00000000c0000000, 0x0000000100000000)
  region size 1024K, 1 young (1024K), 0 survivors (0K)
 Metaspace       used 59151K, committed 59584K, reserved 1114112K
  class space    used 7374K, committed 7552K, reserved 1048576K
}
Event: 41246.146 GC heap after
{Heap after GC invocations=2500 (full 1688):
 garbage-first heap   total 96256K, used 34124K [0x00000000c0000000, 0x0000000100000000)
  region size 1024K, 0 young (0K), 0 survivors (0K)
 Metaspace       used 59151K, committed 59584K, reserved 1114112K
  class space    used 7374K, committed 7552K, reserved 1048576K
}
Event: 41256.550 GC heap before
{Heap before GC invocations=2500 (full 1688):
 garbage-first heap   total 96256K, used 34124K [0x00000000c0000000, 0x0000000100000000)
  region size 1024K, 1 young (1024K), 0 survivors (0K)
 Metaspace       used 59151K, committed 59584K, reserved 1114112K
  class space    used 7374K, committed 7552K, reserved 1048576K
}
Event: 41256.943 GC heap after
{Heap after GC invocations=2501 (full 1689):
 garbage-first heap   total 96256K, used 34061K [0x00000000c0000000, 0x0000000100000000)
  region size 1024K, 0 young (0K), 0 survivors (0K)
 Metaspace       used 59131K, committed 59584K, reserved 1114112K
  class space    used 7370K, committed 7552K, reserved 1048576K
}
Event: 41267.943 GC heap before
{Heap before GC invocations=2501 (full 1689):
 garbage-first heap   total 96256K, used 34061K [0x00000000c0000000, 0x0000000100000000)
  region size 1024K, 1 young (1024K), 0 survivors (0K)
 Metaspace       used 59131K, committed 59584K, reserved 1114112K
  class space    used 7370K, committed 7552K, reserved 1048576K
}
Event: 41268.027 GC heap after
{Heap after GC invocations=2502 (full 1690):
 garbage-first heap   total 96256K, used 34061K [0x00000000c0000000, 0x0000000100000000)
  region size 1024K, 0 young (0K), 0 survivors (0K)
 Metaspace       used 59131K, committed 59584K, reserved 1114112K
  class space    used 7370K, committed 7552K, reserved 1048576K
}
Event: 41279.409 GC heap before
{Heap before GC invocations=2502 (full 1690):
 garbage-first heap   total 96256K, used 34061K [0x00000000c0000000, 0x0000000100000000)
  region size 1024K, 1 young (1024K), 0 survivors (0K)
 Metaspace       used 59131K, committed 59584K, reserved 1114112K
  class space    used 7370K, committed 7552K, reserved 1048576K
}
Event: 41279.505 GC heap after
{Heap after GC invocations=2503 (full 1691):
 garbage-first heap   total 96256K, used 34061K [0x00000000c0000000, 0x0000000100000000)
  region size 1024K, 0 young (0K), 0 survivors (0K)
 Metaspace       used 59131K, committed 59584K, reserved 1114112K
  class space    used 7370K, committed 7552K, reserved 1048576K
}
Event: 41296.348 GC heap before
{Heap before GC invocations=2503 (full 1691):
 garbage-first heap   total 96256K, used 34061K [0x00000000c0000000, 0x0000000100000000)
  region size 1024K, 1 young (1024K), 0 survivors (0K)
 Metaspace       used 59131K, committed 59584K, reserved 1114112K
  class space    used 7370K, committed 7552K, reserved 1048576K
}
Event: 41296.513 GC heap after
{Heap after GC invocations=2504 (full 1692):
 garbage-first heap   total 96256K, used 34061K [0x00000000c0000000, 0x0000000100000000)
  region size 1024K, 0 young (0K), 0 survivors (0K)
 Metaspace       used 59131K, committed 59584K, reserved 1114112K
  class space    used 7370K, committed 7552K, reserved 1048576K
}
Event: 41311.237 GC heap before
{Heap before GC invocations=2504 (full 1692):
 garbage-first heap   total 96256K, used 34061K [0x00000000c0000000, 0x0000000100000000)
  region size 1024K, 1 young (1024K), 0 survivors (0K)
 Metaspace       used 59131K, committed 59584K, reserved 1114112K
  class space    used 7370K, committed 7552K, reserved 1048576K
}
Event: 41311.380 GC heap after
{Heap after GC invocations=2505 (full 1693):
 garbage-first heap   total 96256K, used 34061K [0x00000000c0000000, 0x0000000100000000)
  region size 1024K, 0 young (0K), 0 survivors (0K)
 Metaspace       used 59131K, committed 59584K, reserved 1114112K
  class space    used 7370K, committed 7552K, reserved 1048576K
}

